<?xml version="1.0" encoding="UTF-8"?>
<testng-results skipped="0" failed="0" ignored="0" total="1" passed="1">
  <reporter-output>
  </reporter-output>
  <suite name="Default suite" duration-ms="11912" started-at="2021-02-15T04:53:14Z" finished-at="2021-02-15T04:53:26Z">
    <groups>
    </groups>
    <test name="Default test" duration-ms="11912" started-at="2021-02-15T04:53:14Z" finished-at="2021-02-15T04:53:26Z">
      <class name="test1.com.TestJenkins">
        <test-method status="PASS" signature="invokebrowser()[pri:0, instance:test1.com.TestJenkins@482f8f11]" name="invokebrowser" duration-ms="11891" started-at="2021-02-15T04:53:14Z" finished-at="2021-02-15T04:53:26Z">
          <reporter-output>
          </reporter-output>
        </test-method> <!-- invokebrowser -->
      </class> <!-- test1.com.TestJenkins -->
    </test> <!-- Default test -->
  </suite> <!-- Default suite -->
</testng-results>
